<?xml version="1.0" encoding="UTF-8"?>
<!-- Generated by org.testng.reporters.JUnitXMLReporter -->
<testsuite ignored="0" hostname="DESKTOP-JNMGA3I" failures="0" tests="17" name="Default test" time="56.116" errors="0" timestamp="2026-01-13T00:46:12 IST">
  <testcase classname="testcases.MainBaseClass" name="verifyGetAPI_loginName" time="10.021"/>
  <testcase classname="testcases.MainBaseClass" name="verifyPostAPI_authenticateUser" time="12.631"/>
  <testcase classname="testcases.MainBaseClass" name="verifyGetAPI_UUID" time="1.556"/>
  <testcase classname="testcases.MainBaseClass" name="verifyUpdateAPI_TrueAutoSuspendedStatus" time="9.53"/>
  <testcase classname="testcases.MainBaseClass" name="verifyGetAPI_CheckTrue" time="1.518"/>
  <testcase classname="testcases.MainBaseClass" name="verifyUpdateAPI_FalseAutoSuspendedStatus" time="1.48"/>
  <testcase classname="testcases.MainBaseClass" name="verifyGetAPI_CheckFalse" time="1.385"/>
  <testcase classname="testcases.MainBaseClass" name="testJSONAddNewUser" time="2.015"/>
  <testcase classname="testcases.MainBaseClass" name="testJSONAddNewUser" time="1.752"/>
  <testcase classname="testcases.MainBaseClass" name="testJSONAddNewUser" time="1.765"/>
  <testcase classname="testcases.MainBaseClass" name="testJSONAddNewUser" time="1.742"/>
  <testcase classname="testcases.MainBaseClass" name="testJSONAddNewUser" time="1.848"/>
  <testcase classname="testcases.MainBaseClass" name="testCSVAddNewUser" time="1.728"/>
  <testcase classname="testcases.MainBaseClass" name="testCSVAddNewUser" time="1.74"/>
  <testcase classname="testcases.MainBaseClass" name="testCSVAddNewUser" time="1.623"/>
  <testcase classname="testcases.MainBaseClass" name="testCSVAddNewUser" time="1.683"/>
  <testcase classname="testcases.MainBaseClass" name="testCSVAddNewUser" time="1.716"/>
</testsuite> <!-- Default test -->
