<?xml version="1.0" encoding="UTF-8"?>
<!-- Generated by org.testng.reporters.JUnitXMLReporter -->
<testsuite ignored="0" hostname="DESKTOP-JNMGA3I" failures="0" tests="17" name="API Tests" time="66.613" errors="0" timestamp="2026-01-13T01:25:08 IST">
  <testcase classname="testcases.MainBaseClass" name="verifyGetAPI_loginName" time="9.734"/>
  <testcase classname="testcases.MainBaseClass" name="verifyPostAPI_authenticateUser" time="12.211"/>
  <testcase classname="testcases.MainBaseClass" name="verifyGetAPI_UUID" time="1.472"/>
  <testcase classname="testcases.MainBaseClass" name="verifyUpdateAPI_TrueAutoSuspendedStatus" time="9.991"/>
  <testcase classname="testcases.MainBaseClass" name="verifyGetAPI_CheckTrue" time="1.513"/>
  <testcase classname="testcases.MainBaseClass" name="verifyUpdateAPI_FalseAutoSuspendedStatus" time="1.323"/>
  <testcase classname="testcases.MainBaseClass" name="verifyGetAPI_CheckFalse" time="1.735"/>
  <testcase classname="testcases.MainBaseClass" name="testJSONAddNewUser" time="2.008"/>
  <testcase classname="testcases.MainBaseClass" name="testJSONAddNewUser" time="1.706"/>
  <testcase classname="testcases.MainBaseClass" name="testJSONAddNewUser" time="1.753"/>
  <testcase classname="testcases.MainBaseClass" name="testJSONAddNewUser" time="1.69"/>
  <testcase classname="testcases.MainBaseClass" name="testJSONAddNewUser" time="1.763"/>
  <testcase classname="testcases.MainBaseClass" name="testCSVAddNewUser" time="12.097"/>
  <testcase classname="testcases.MainBaseClass" name="testCSVAddNewUser" time="1.803"/>
  <testcase classname="testcases.MainBaseClass" name="testCSVAddNewUser" time="1.676"/>
  <testcase classname="testcases.MainBaseClass" name="testCSVAddNewUser" time="1.812"/>
  <testcase classname="testcases.MainBaseClass" name="testCSVAddNewUser" time="1.761"/>
</testsuite> <!-- API Tests -->
