<?xml version="1.0" encoding="UTF-8"?>
<!-- Generated by org.testng.reporters.JUnitXMLReporter -->
<testsuite ignored="0" hostname="DESKTOP-JNMGA3I" failures="0" tests="17" name="Test" time="56.297" errors="0" timestamp="2026-01-13T01:04:15 IST">
  <testcase classname="testcases.MainBaseClass" name="verifyGetAPI_loginName" time="10.729"/>
  <testcase classname="testcases.MainBaseClass" name="verifyPostAPI_authenticateUser" time="11.967"/>
  <testcase classname="testcases.MainBaseClass" name="verifyGetAPI_UUID" time="1.748"/>
  <testcase classname="testcases.MainBaseClass" name="verifyUpdateAPI_TrueAutoSuspendedStatus" time="9.043"/>
  <testcase classname="testcases.MainBaseClass" name="verifyGetAPI_CheckTrue" time="1.729"/>
  <testcase classname="testcases.MainBaseClass" name="verifyUpdateAPI_FalseAutoSuspendedStatus" time="1.33"/>
  <testcase classname="testcases.MainBaseClass" name="verifyGetAPI_CheckFalse" time="1.494"/>
  <testcase classname="testcases.MainBaseClass" name="testJSONAddNewUser" time="1.976"/>
  <testcase classname="testcases.MainBaseClass" name="testJSONAddNewUser" time="1.802"/>
  <testcase classname="testcases.MainBaseClass" name="testJSONAddNewUser" time="1.828"/>
  <testcase classname="testcases.MainBaseClass" name="testJSONAddNewUser" time="1.759"/>
  <testcase classname="testcases.MainBaseClass" name="testJSONAddNewUser" time="1.693"/>
  <testcase classname="testcases.MainBaseClass" name="testCSVAddNewUser" time="1.851"/>
  <testcase classname="testcases.MainBaseClass" name="testCSVAddNewUser" time="1.704"/>
  <testcase classname="testcases.MainBaseClass" name="testCSVAddNewUser" time="1.816"/>
  <testcase classname="testcases.MainBaseClass" name="testCSVAddNewUser" time="1.766"/>
  <testcase classname="testcases.MainBaseClass" name="testCSVAddNewUser" time="1.762"/>
</testsuite> <!-- Test -->
