<?xml version="1.0" encoding="UTF-8"?>
<testng-results ignored="0" total="17" passed="17" failed="0" skipped="0">
  <reporter-output>
  </reporter-output>
  <suite started-at="2026-01-13T01:24:01 IST" name="API Test Suite" finished-at="2026-01-13T01:25:08 IST" duration-ms="66613">
    <groups>
    </groups>
    <test started-at="2026-01-13T01:24:01 IST" name="API Tests" finished-at="2026-01-13T01:25:08 IST" duration-ms="66613">
      <class name="testcases.MainBaseClass">
        <test-method is-config="true" signature="setup()[pri:0, instance:testcases.MainBaseClass@16132f21]" started-at="2026-01-13T01:24:02 IST" name="setup" finished-at="2026-01-13T01:24:02 IST" duration-ms="32" status="PASS">
          <reporter-output>
          </reporter-output>
        </test-method> <!-- setup -->
        <test-method signature="verifyGetAPI_loginName()[pri:1, instance:testcases.MainBaseClass@16132f21]" started-at="2026-01-13T01:24:02 IST" name="verifyGetAPI_loginName" finished-at="2026-01-13T01:24:11 IST" duration-ms="9734" status="PASS">
          <reporter-output>
          </reporter-output>
        </test-method> <!-- verifyGetAPI_loginName -->
        <test-method signature="verifyPostAPI_authenticateUser()[pri:2, instance:testcases.MainBaseClass@16132f21]" started-at="2026-01-13T01:24:11 IST" name="verifyPostAPI_authenticateUser" finished-at="2026-01-13T01:24:24 IST" duration-ms="12211" status="PASS">
          <reporter-output>
          </reporter-output>
        </test-method> <!-- verifyPostAPI_authenticateUser -->
        <test-method signature="verifyGetAPI_UUID()[pri:3, instance:testcases.MainBaseClass@16132f21]" started-at="2026-01-13T01:24:24 IST" name="verifyGetAPI_UUID" finished-at="2026-01-13T01:24:25 IST" duration-ms="1472" status="PASS">
          <reporter-output>
          </reporter-output>
        </test-method> <!-- verifyGetAPI_UUID -->
        <test-method signature="verifyUpdateAPI_TrueAutoSuspendedStatus()[pri:4, instance:testcases.MainBaseClass@16132f21]" started-at="2026-01-13T01:24:25 IST" name="verifyUpdateAPI_TrueAutoSuspendedStatus" finished-at="2026-01-13T01:24:35 IST" duration-ms="9991" status="PASS">
          <reporter-output>
          </reporter-output>
        </test-method> <!-- verifyUpdateAPI_TrueAutoSuspendedStatus -->
        <test-method signature="verifyGetAPI_CheckTrue()[pri:5, instance:testcases.MainBaseClass@16132f21]" started-at="2026-01-13T01:24:35 IST" name="verifyGetAPI_CheckTrue" finished-at="2026-01-13T01:24:37 IST" duration-ms="1513" status="PASS">
          <reporter-output>
          </reporter-output>
        </test-method> <!-- verifyGetAPI_CheckTrue -->
        <test-method signature="verifyUpdateAPI_FalseAutoSuspendedStatus()[pri:6, instance:testcases.MainBaseClass@16132f21]" started-at="2026-01-13T01:24:37 IST" name="verifyUpdateAPI_FalseAutoSuspendedStatus" finished-at="2026-01-13T01:24:38 IST" duration-ms="1323" status="PASS">
          <reporter-output>
          </reporter-output>
        </test-method> <!-- verifyUpdateAPI_FalseAutoSuspendedStatus -->
        <test-method signature="verifyGetAPI_CheckFalse()[pri:7, instance:testcases.MainBaseClass@16132f21]" started-at="2026-01-13T01:24:38 IST" name="verifyGetAPI_CheckFalse" finished-at="2026-01-13T01:24:40 IST" duration-ms="1735" status="PASS">
          <reporter-output>
          </reporter-output>
        </test-method> <!-- verifyGetAPI_CheckFalse -->
        <test-method signature="testJSONAddNewUser(java.util.Map)[pri:8, instance:testcases.MainBaseClass@16132f21]" started-at="2026-01-13T01:24:40 IST" name="testJSONAddNewUser" data-provider="jsonDataProvider" finished-at="2026-01-13T01:24:42 IST" duration-ms="2008" status="PASS">
          <params>
            <param index="0">
              <value>
                <![CDATA[{loginName=QA.JAN01, password=Password1!}]]>
              </value>
            </param>
          </params>
          <reporter-output>
          </reporter-output>
        </test-method> <!-- testJSONAddNewUser -->
        <test-method signature="testJSONAddNewUser(java.util.Map)[pri:8, instance:testcases.MainBaseClass@16132f21]" started-at="2026-01-13T01:24:42 IST" name="testJSONAddNewUser" data-provider="jsonDataProvider" finished-at="2026-01-13T01:24:44 IST" duration-ms="1706" status="PASS">
          <params>
            <param index="0">
              <value>
                <![CDATA[{loginName=QA.JAN02, password=Password1!}]]>
              </value>
            </param>
          </params>
          <reporter-output>
          </reporter-output>
        </test-method> <!-- testJSONAddNewUser -->
        <test-method signature="testJSONAddNewUser(java.util.Map)[pri:8, instance:testcases.MainBaseClass@16132f21]" started-at="2026-01-13T01:24:44 IST" name="testJSONAddNewUser" data-provider="jsonDataProvider" finished-at="2026-01-13T01:24:45 IST" duration-ms="1753" status="PASS">
          <params>
            <param index="0">
              <value>
                <![CDATA[{loginName=QA.JAN03, password=Password1!}]]>
              </value>
            </param>
          </params>
          <reporter-output>
          </reporter-output>
        </test-method> <!-- testJSONAddNewUser -->
        <test-method signature="testJSONAddNewUser(java.util.Map)[pri:8, instance:testcases.MainBaseClass@16132f21]" started-at="2026-01-13T01:24:45 IST" name="testJSONAddNewUser" data-provider="jsonDataProvider" finished-at="2026-01-13T01:24:47 IST" duration-ms="1690" status="PASS">
          <params>
            <param index="0">
              <value>
                <![CDATA[{loginName=QA.JAN04, password=Password1!}]]>
              </value>
            </param>
          </params>
          <reporter-output>
          </reporter-output>
        </test-method> <!-- testJSONAddNewUser -->
        <test-method signature="testJSONAddNewUser(java.util.Map)[pri:8, instance:testcases.MainBaseClass@16132f21]" started-at="2026-01-13T01:24:47 IST" name="testJSONAddNewUser" data-provider="jsonDataProvider" finished-at="2026-01-13T01:24:49 IST" duration-ms="1763" status="PASS">
          <params>
            <param index="0">
              <value>
                <![CDATA[{loginName=QA.JAN05, password=Password1!}]]>
              </value>
            </param>
          </params>
          <reporter-output>
          </reporter-output>
        </test-method> <!-- testJSONAddNewUser -->
        <test-method signature="testCSVAddNewUser(java.lang.String,java.lang.String)[pri:9, instance:testcases.MainBaseClass@16132f21]" started-at="2026-01-13T01:24:49 IST" name="testCSVAddNewUser" data-provider="csvDataProvider" finished-at="2026-01-13T01:25:01 IST" duration-ms="12097" status="PASS">
          <params>
            <param index="0">
              <value>
                <![CDATA[QA.JAN01]]>
              </value>
            </param>
            <param index="1">
              <value>
                <![CDATA[Password1!]]>
              </value>
            </param>
          </params>
          <reporter-output>
          </reporter-output>
        </test-method> <!-- testCSVAddNewUser -->
        <test-method signature="testCSVAddNewUser(java.lang.String,java.lang.String)[pri:9, instance:testcases.MainBaseClass@16132f21]" started-at="2026-01-13T01:25:01 IST" name="testCSVAddNewUser" data-provider="csvDataProvider" finished-at="2026-01-13T01:25:03 IST" duration-ms="1803" status="PASS">
          <params>
            <param index="0">
              <value>
                <![CDATA[QA.JAN02]]>
              </value>
            </param>
            <param index="1">
              <value>
                <![CDATA[Password1!]]>
              </value>
            </param>
          </params>
          <reporter-output>
          </reporter-output>
        </test-method> <!-- testCSVAddNewUser -->
        <test-method signature="testCSVAddNewUser(java.lang.String,java.lang.String)[pri:9, instance:testcases.MainBaseClass@16132f21]" started-at="2026-01-13T01:25:03 IST" name="testCSVAddNewUser" data-provider="csvDataProvider" finished-at="2026-01-13T01:25:04 IST" duration-ms="1676" status="PASS">
          <params>
            <param index="0">
              <value>
                <![CDATA[QA.JAN03]]>
              </value>
            </param>
            <param index="1">
              <value>
                <![CDATA[Password1!]]>
              </value>
            </param>
          </params>
          <reporter-output>
          </reporter-output>
        </test-method> <!-- testCSVAddNewUser -->
        <test-method signature="testCSVAddNewUser(java.lang.String,java.lang.String)[pri:9, instance:testcases.MainBaseClass@16132f21]" started-at="2026-01-13T01:25:04 IST" name="testCSVAddNewUser" data-provider="csvDataProvider" finished-at="2026-01-13T01:25:06 IST" duration-ms="1812" status="PASS">
          <params>
            <param index="0">
              <value>
                <![CDATA[QA.JAN04]]>
              </value>
            </param>
            <param index="1">
              <value>
                <![CDATA[Password1!]]>
              </value>
            </param>
          </params>
          <reporter-output>
          </reporter-output>
        </test-method> <!-- testCSVAddNewUser -->
        <test-method signature="testCSVAddNewUser(java.lang.String,java.lang.String)[pri:9, instance:testcases.MainBaseClass@16132f21]" started-at="2026-01-13T01:25:06 IST" name="testCSVAddNewUser" data-provider="csvDataProvider" finished-at="2026-01-13T01:25:08 IST" duration-ms="1761" status="PASS">
          <params>
            <param index="0">
              <value>
                <![CDATA[QA.JAN05]]>
              </value>
            </param>
            <param index="1">
              <value>
                <![CDATA[Password1!]]>
              </value>
            </param>
          </params>
          <reporter-output>
          </reporter-output>
        </test-method> <!-- testCSVAddNewUser -->
      </class> <!-- testcases.MainBaseClass -->
    </test> <!-- API Tests -->
  </suite> <!-- API Test Suite -->
</testng-results>
