<?xml version="1.0" encoding="UTF-8"?>
<!-- Generated by org.testng.reporters.JUnitReportReporter -->
<testsuite hostname="DESKTOP-JNMGA3I" failures="0" tests="5" name="testcases.UserDataDrivenTest" time="22.694" errors="0" timestamp="2026-01-13T00:22:05 IST" skipped="0">
  <testcase classname="testcases.UserDataDrivenTest" name="testAddNewUser" time="1.812"/>
  <testcase classname="testcases.UserDataDrivenTest" name="testAddNewUser" time="1.684"/>
  <testcase classname="testcases.UserDataDrivenTest" name="testAddNewUser" time="2.047"/>
  <testcase classname="testcases.UserDataDrivenTest" name="testAddNewUser" time="15.284"/>
  <testcase classname="testcases.UserDataDrivenTest" name="testAddNewUser" time="1.867"/>
</testsuite> <!-- testcases.UserDataDrivenTest -->
